[23Dec2024 18:19:05.362] [main/INFO] [cpw.mods.modlauncher.Launcher/MODLAUNCHER]: ModLauncher running: args [--launchTarget, forge_server, nogui]
[23Dec2024 18:19:05.364] [main/INFO] [cpw.mods.modlauncher.Launcher/MODLAUNCHER]: JVM identified as Ubuntu OpenJDK 64-Bit Server VM 21.0.5+11-Ubuntu-1ubuntu120.04
[23Dec2024 18:19:05.365] [main/INFO] [cpw.mods.modlauncher.Launcher/MODLAUNCHER]: ModLauncher 10.2.1 starting: java version 21.0.5 by Ubuntu; OS Linux arch amd64 version 6.5.0-1025-azure
[23Dec2024 18:19:05.431] [main/WARN] [net.minecraftforge.fml.loading.FMLConfig/CORE]: Configuration file /workspaces/badsafio_1/servidor_minecraft/config/fml.toml is not correct. Correcting
[23Dec2024 18:19:05.432] [main/INFO] [net.minecraftforge.fml.loading.FMLConfig/CORE]: Incorrect key [earlyWindowLogHelpMessage] was corrected from null to true
[23Dec2024 18:19:05.433] [main/INFO] [net.minecraftforge.fml.loading.FMLConfig/CORE]: Incorrect key [earlyWindowShowCPU] was corrected from null to false
[23Dec2024 18:19:05.484] [main/INFO] [net.minecraftforge.fml.loading.ImmediateWindowHandler/]: ImmediateWindowProvider not loading because launch target is forge_server
[23Dec2024 18:19:05.587] [main/INFO] [mixin/]: SpongePowered MIXIN Subsystem Version=0.8.7 Source=jar:file:///workspaces/badsafio_1/servidor_minecraft/libraries/org/spongepowered/mixin/0.8.7/mixin-0.8.7.jar!/ Service=ModLauncher Env=SERVER
[23Dec2024 18:19:05.696] [main/WARN] [net.minecraftforge.fml.loading.moddiscovery.ModDiscoverer/SCAN]: Locator {mods folder locator at /workspaces/badsafio_1/servidor_minecraft/mods} returned 1 files which are client-side-only mods, but we're on a dedicated server. They will be skipped!
[23Dec2024 18:19:05.889] [main/INFO] [net.minecraftforge.fml.loading.moddiscovery.JarInJarDependencyLocator/]: Found 1 dependencies adding them to mods collection
[23Dec2024 18:19:06.038] [main/ERROR] [net.minecraftforge.fml.loading.ModSorter/LOADING]: Missing or unsupported mandatory dependencies:
	Mod ID: 'minecraft', Requested by: 'dedsafio3', Expected range: '[1.20.1,1.20.1]', Actual version: '1.21.1'
	Mod ID: 'minecraft', Requested by: 'coroutil', Expected range: '[1.20.1,1.21)', Actual version: '1.21.1'
	Mod ID: 'minecraft', Requested by: 'watut', Expected range: '[1.20.1,1.21)', Actual version: '1.21.1'
	Mod ID: 'minecraft', Requested by: 'explosiveenhancement', Expected range: '[1.20.1,1.21)', Actual version: '1.21.1'
	Mod ID: 'minecraft', Requested by: 'jei', Expected range: '[1.20.1,1.20.2)', Actual version: '1.21.1'
[23Dec2024 18:19:06.866] [main/INFO] [cpw.mods.modlauncher.LaunchServiceHandler/MODLAUNCHER]: Launching target 'forge_server' with arguments [nogui]
[23Dec2024 18:19:07.179] [main/WARN] [oshi.util.FileUtil/]: Configuration conflict: there is more than one oshi.properties file on the classpath: [jar:file:///workspaces/badsafio_1/servidor_minecraft/libraries/com/github/oshi/oshi-core/6.4.10/oshi-core-6.4.10.jar!/oshi.properties, jar:file:/workspaces/badsafio_1/servidor_minecraft/libraries/com/github/oshi/oshi-core/6.4.10/oshi-core-6.4.10.jar!/oshi.properties, jar:file:///workspaces/badsafio_1/servidor_minecraft/libraries/com/github/oshi/oshi-core/6.4.10/oshi-core-6.4.10.jar!/oshi.properties, jar:file:/workspaces/badsafio_1/servidor_minecraft/libraries/com/github/oshi/oshi-core/6.4.10/oshi-core-6.4.10.jar!/oshi.properties]
[23Dec2024 18:19:07.372] [main/WARN] [oshi.util.FileUtil/]: Configuration conflict: there is more than one oshi.architecture.properties file on the classpath: [jar:file:///workspaces/badsafio_1/servidor_minecraft/libraries/com/github/oshi/oshi-core/6.4.10/oshi-core-6.4.10.jar!/oshi.architecture.properties, jar:file:/workspaces/badsafio_1/servidor_minecraft/libraries/com/github/oshi/oshi-core/6.4.10/oshi-core-6.4.10.jar!/oshi.architecture.properties, jar:file:///workspaces/badsafio_1/servidor_minecraft/libraries/com/github/oshi/oshi-core/6.4.10/oshi-core-6.4.10.jar!/oshi.architecture.properties, jar:file:/workspaces/badsafio_1/servidor_minecraft/libraries/com/github/oshi/oshi-core/6.4.10/oshi-core-6.4.10.jar!/oshi.architecture.properties]
[23Dec2024 18:19:12.662] [main/FATAL] [net.minecraftforge.fml.ModLoader/CORE]: Error during pre-loading phase
net.minecraftforge.fml.ModLoadingException: Mod §ededsafio3§r requires §6minecraft§r §o1.20.1§r
§7Currently, §6minecraft§r§7 is §o1.21.1
	at LAYER PLUGIN/net.minecraftforge.fmlcore@1.21.1-52.0.9/net.minecraftforge.fml.ModLoadingException.lambda$fromEarlyException$0(ModLoadingException.java:50) ~[fmlcore-1.21.1-52.0.9.jar:1.0]
	at java.base/java.util.stream.ReferencePipeline$3$1.accept(ReferencePipeline.java:197) ~[?:?]
	at java.base/java.util.AbstractList$RandomAccessSpliterator.forEachRemaining(AbstractList.java:722) ~[?:?]
	at java.base/java.util.stream.AbstractPipeline.copyInto(AbstractPipeline.java:509) ~[?:?]
	at java.base/java.util.stream.AbstractPipeline.wrapAndCopyInto(AbstractPipeline.java:499) ~[?:?]
	at java.base/java.util.stream.ForEachOps$ForEachOp.evaluateSequential(ForEachOps.java:151) ~[?:?]
	at java.base/java.util.stream.ForEachOps$ForEachOp$OfRef.evaluateSequential(ForEachOps.java:174) ~[?:?]
	at java.base/java.util.stream.AbstractPipeline.evaluate(AbstractPipeline.java:234) ~[?:?]
	at java.base/java.util.stream.ReferencePipeline.forEach(ReferencePipeline.java:596) ~[?:?]
	at java.base/java.util.stream.ReferencePipeline$7$1.accept(ReferencePipeline.java:276) ~[?:?]
	at java.base/java.util.ArrayList$ArrayListSpliterator.forEachRemaining(ArrayList.java:1708) ~[?:?]
	at java.base/java.util.stream.AbstractPipeline.copyInto(AbstractPipeline.java:509) ~[?:?]
	at java.base/java.util.stream.AbstractPipeline.wrapAndCopyInto(AbstractPipeline.java:499) ~[?:?]
	at java.base/java.util.stream.ReduceOps$ReduceOp.evaluateSequential(ReduceOps.java:921) ~[?:?]
	at java.base/java.util.stream.AbstractPipeline.evaluate(AbstractPipeline.java:234) ~[?:?]
	at java.base/java.util.stream.ReferencePipeline.collect(ReferencePipeline.java:682) ~[?:?]
	at LAYER PLUGIN/net.minecraftforge.fmlcore@1.21.1-52.0.9/net.minecraftforge.fml.ModLoader.<init>(ModLoader.java:97) ~[fmlcore-1.21.1-52.0.9.jar:1.0]
	at LAYER PLUGIN/net.minecraftforge.fmlcore@1.21.1-52.0.9/net.minecraftforge.fml.ModLoader$LazyInit.<clinit>(ModLoader.java:140) ~[fmlcore-1.21.1-52.0.9.jar:1.0]
	at LAYER PLUGIN/net.minecraftforge.fmlcore@1.21.1-52.0.9/net.minecraftforge.fml.ModLoader.get(ModLoader.java:136) ~[fmlcore-1.21.1-52.0.9.jar:1.0]
	at TRANSFORMER/forge@52.0.9/net.minecraftforge.event.ForgeEventFactory.<clinit>(ForgeEventFactory.java:219) ~[forge-1.21.1-52.0.9-universal.jar:?]
	at TRANSFORMER/forge@52.0.9/net.minecraftforge.common.ForgeHooks.gatherItemComponents(ForgeHooks.java:1279) ~[forge-1.21.1-52.0.9-universal.jar:?]
	at TRANSFORMER/minecraft@1.21.1/net.minecraft.world.item.Item.components(Item.java:114) ~[forge-1.21.1-52.0.9-server.jar:?]
	at TRANSFORMER/minecraft@1.21.1/net.minecraft.world.item.ItemStack.<init>(ItemStack.java:250) ~[forge-1.21.1-52.0.9-server.jar:?]
	at TRANSFORMER/minecraft@1.21.1/net.minecraft.world.item.ItemStack.<init>(ItemStack.java:234) ~[forge-1.21.1-52.0.9-server.jar:?]
	at TRANSFORMER/minecraft@1.21.1/net.minecraft.world.food.FoodProperties$Builder.usingConvertsTo(FoodProperties.java:103) ~[forge-1.21.1-52.0.9-server.jar:?]
	at TRANSFORMER/minecraft@1.21.1/net.minecraft.world.food.Foods.stew(Foods.java:73) ~[forge-1.21.1-52.0.9-server.jar:?]
	at TRANSFORMER/minecraft@1.21.1/net.minecraft.world.food.Foods.<clinit>(Foods.java:14) ~[forge-1.21.1-52.0.9-server.jar:?]
	at TRANSFORMER/minecraft@1.21.1/net.minecraft.world.item.Items.<clinit>(Items.java:883) ~[forge-1.21.1-52.0.9-server.jar:?]
	at TRANSFORMER/minecraft@1.21.1/net.minecraft.world.level.block.ComposterBlock.bootStrap(ComposterBlock.java:69) ~[forge-1.21.1-52.0.9-server.jar:?]
	at TRANSFORMER/minecraft@1.21.1/net.minecraft.server.Bootstrap.bootStrap(Bootstrap.java:46) ~[forge-1.21.1-52.0.9-server.jar:?]
	at TRANSFORMER/minecraft@1.21.1/net.minecraft.server.Main.main(Main.java:121) ~[forge-1.21.1-52.0.9-server.jar:?]
	at java.base/jdk.internal.reflect.DirectMethodHandleAccessor.invoke(DirectMethodHandleAccessor.java:103) ~[?:?]
	at java.base/java.lang.reflect.Method.invoke(Method.java:580) ~[?:?]
	at SECURE-BOOTSTRAP/net.minecraftforge.fmlloader@1.21.1-52.0.9/net.minecraftforge.fml.loading.targets.CommonLaunchHandler.runTarget(CommonLaunchHandler.java:85) ~[fmlloader-1.21.1-52.0.9.jar!/:?]
	at SECURE-BOOTSTRAP/net.minecraftforge.fmlloader@1.21.1-52.0.9/net.minecraftforge.fml.loading.targets.CommonLaunchHandler.lambda$makeService$0(CommonLaunchHandler.java:69) ~[fmlloader-1.21.1-52.0.9.jar!/:?]
	at SECURE-BOOTSTRAP/cpw.mods.modlauncher@10.2.1/cpw.mods.modlauncher.LaunchServiceHandler.launch(LaunchServiceHandler.java:77) [modlauncher-10.2.1.jar!/:?]
	at SECURE-BOOTSTRAP/cpw.mods.modlauncher@10.2.1/cpw.mods.modlauncher.LaunchServiceHandler.launch(LaunchServiceHandler.java:97) [modlauncher-10.2.1.jar!/:?]
	at SECURE-BOOTSTRAP/cpw.mods.modlauncher@10.2.1/cpw.mods.modlauncher.Launcher.run(Launcher.java:116) [modlauncher-10.2.1.jar!/:?]
	at SECURE-BOOTSTRAP/cpw.mods.modlauncher@10.2.1/cpw.mods.modlauncher.Launcher.main(Launcher.java:75) [modlauncher-10.2.1.jar!/:?]
	at SECURE-BOOTSTRAP/cpw.mods.modlauncher@10.2.1/cpw.mods.modlauncher.BootstrapEntry.main(BootstrapEntry.java:17) [modlauncher-10.2.1.jar!/:?]
	at net.minecraftforge.bootstrap@2.1.3/net.minecraftforge.bootstrap.Bootstrap.moduleMain(Bootstrap.java:188) [bootstrap-2.1.3.jar!/:?]
	at java.base/jdk.internal.reflect.DirectMethodHandleAccessor.invoke(DirectMethodHandleAccessor.java:103) ~[?:?]
	at java.base/java.lang.reflect.Method.invoke(Method.java:580) ~[?:?]
	at net.minecraftforge.bootstrap.Bootstrap.bootstrapMain(Bootstrap.java:133) [bootstrap-2.1.3.jar:2.1.3]
	at net.minecraftforge.bootstrap.Bootstrap.start(Bootstrap.java:53) [bootstrap-2.1.3.jar:2.1.3]
	at net.minecraftforge.bootstrap.ForgeBootstrap.main(ForgeBootstrap.java:19) [bootstrap-2.1.3.jar:2.1.3]
	at java.base/jdk.internal.reflect.DirectMethodHandleAccessor.invoke(DirectMethodHandleAccessor.java:103) ~[?:?]
	at java.base/java.lang.reflect.Method.invoke(Method.java:580) ~[?:?]
	at net.minecraftforge.bootstrap.shim.Main.main(Main.java:97) [forge-1.21.1-52.0.9-shim.jar:2.1.3]
[23Dec2024 18:19:12.759] [main/WARN] [oshi.util.FileUtil/]: Configuration conflict: there is more than one oshi.architecture.properties file on the classpath: [jar:file:///workspaces/badsafio_1/servidor_minecraft/libraries/com/github/oshi/oshi-core/6.4.10/oshi-core-6.4.10.jar!/oshi.architecture.properties, jar:file:/workspaces/badsafio_1/servidor_minecraft/libraries/com/github/oshi/oshi-core/6.4.10/oshi-core-6.4.10.jar!/oshi.architecture.properties, jar:file:///workspaces/badsafio_1/servidor_minecraft/libraries/com/github/oshi/oshi-core/6.4.10/oshi-core-6.4.10.jar!/oshi.architecture.properties, jar:file:/workspaces/badsafio_1/servidor_minecraft/libraries/com/github/oshi/oshi-core/6.4.10/oshi-core-6.4.10.jar!/oshi.architecture.properties]
[23Dec2024 18:19:12.772] [main/ERROR] [net.minecraft.CrashReport/]: Negative index in crash report handler (21/23)
[23Dec2024 18:19:12.797] [main/FATAL] [net.minecraftforge.server.loading.ServerModLoader/]: Crash report saved to ./crash-reports/crash-2024-12-23_18.19.12-fml.txt
[23Dec2024 18:19:12.802] [main/ERROR] [net.minecraft.server.Main/FATAL]: Failed to start the minecraft server
net.minecraftforge.fml.LoadingFailedException: Loading errors encountered: [
	Mod §ededsafio3§r requires §6minecraft§r §o1.20.1§r
§7Currently, §6minecraft§r§7 is §o1.21.1,
	Mod §ecoroutil§r requires §6minecraft§r §o1.20.1 or above, and below 1.21§r
§7Currently, §6minecraft§r§7 is §o1.21.1,
	Mod §ewatut§r requires §6minecraft§r §o1.20.1 or above, and below 1.21§r
§7Currently, §6minecraft§r§7 is §o1.21.1,
	Mod §eexplosiveenhancement§r requires §6minecraft§r §o1.20.1 or above, and below 1.21§r
§7Currently, §6minecraft§r§7 is §o1.21.1,
	Mod §ejei§r requires §6minecraft§r §o1.20.1 or above, and below 1.20.2§r
§7Currently, §6minecraft§r§7 is §o1.21.1
]
	at LAYER PLUGIN/net.minecraftforge.fmlcore@1.21.1-52.0.9/net.minecraftforge.fml.ModLoader.gatherAndInitializeMods(ModLoader.java:162) ~[fmlcore-1.21.1-52.0.9.jar:1.0]
	at TRANSFORMER/forge@52.0.9/net.minecraftforge.server.loading.ServerModLoader.load(ServerModLoader.java:30) ~[forge-1.21.1-52.0.9-universal.jar:?]
	at TRANSFORMER/minecraft@1.21.1/net.minecraft.server.Main.main(Main.java:127) ~[forge-1.21.1-52.0.9-server.jar:?]
	at java.base/jdk.internal.reflect.DirectMethodHandleAccessor.invoke(DirectMethodHandleAccessor.java:103) ~[?:?]
	at java.base/java.lang.reflect.Method.invoke(Method.java:580) ~[?:?]
	at SECURE-BOOTSTRAP/net.minecraftforge.fmlloader@1.21.1-52.0.9/net.minecraftforge.fml.loading.targets.CommonLaunchHandler.runTarget(CommonLaunchHandler.java:85) ~[fmlloader-1.21.1-52.0.9.jar!/:?]
	at SECURE-BOOTSTRAP/net.minecraftforge.fmlloader@1.21.1-52.0.9/net.minecraftforge.fml.loading.targets.CommonLaunchHandler.lambda$makeService$0(CommonLaunchHandler.java:69) ~[fmlloader-1.21.1-52.0.9.jar!/:?]
	at SECURE-BOOTSTRAP/cpw.mods.modlauncher@10.2.1/cpw.mods.modlauncher.LaunchServiceHandler.launch(LaunchServiceHandler.java:77) [modlauncher-10.2.1.jar!/:?]
	at SECURE-BOOTSTRAP/cpw.mods.modlauncher@10.2.1/cpw.mods.modlauncher.LaunchServiceHandler.launch(LaunchServiceHandler.java:97) [modlauncher-10.2.1.jar!/:?]
	at SECURE-BOOTSTRAP/cpw.mods.modlauncher@10.2.1/cpw.mods.modlauncher.Launcher.run(Launcher.java:116) [modlauncher-10.2.1.jar!/:?]
	at SECURE-BOOTSTRAP/cpw.mods.modlauncher@10.2.1/cpw.mods.modlauncher.Launcher.main(Launcher.java:75) [modlauncher-10.2.1.jar!/:?]
	at SECURE-BOOTSTRAP/cpw.mods.modlauncher@10.2.1/cpw.mods.modlauncher.BootstrapEntry.main(BootstrapEntry.java:17) [modlauncher-10.2.1.jar!/:?]
	at net.minecraftforge.bootstrap@2.1.3/net.minecraftforge.bootstrap.Bootstrap.moduleMain(Bootstrap.java:188) [bootstrap-2.1.3.jar!/:?]
	at java.base/jdk.internal.reflect.DirectMethodHandleAccessor.invoke(DirectMethodHandleAccessor.java:103) ~[?:?]
	at java.base/java.lang.reflect.Method.invoke(Method.java:580) ~[?:?]
	at net.minecraftforge.bootstrap.Bootstrap.bootstrapMain(Bootstrap.java:133) [bootstrap-2.1.3.jar:2.1.3]
	at net.minecraftforge.bootstrap.Bootstrap.start(Bootstrap.java:53) [bootstrap-2.1.3.jar:2.1.3]
	at net.minecraftforge.bootstrap.ForgeBootstrap.main(ForgeBootstrap.java:19) [bootstrap-2.1.3.jar:2.1.3]
	at java.base/jdk.internal.reflect.DirectMethodHandleAccessor.invoke(DirectMethodHandleAccessor.java:103) ~[?:?]
	at java.base/java.lang.reflect.Method.invoke(Method.java:580) ~[?:?]
	at net.minecraftforge.bootstrap.shim.Main.main(Main.java:97) [forge-1.21.1-52.0.9-shim.jar:2.1.3]
